<?xml version="1.0" encoding="UTF-8"?>
<testsuite xmlns:xsi="http://www.w3.org/2001/XMLSchema-instance" xsi:noNamespaceSchemaLocation="https://maven.apache.org/surefire/maven-surefire-plugin/xsd/surefire-test-report.xsd" version="3.0.2" name="tests.WorkExperiencePayoutValueDAOTest" time="0.032" tests="3" errors="0" skipped="0" failures="0" flakes="0">
  <properties>
[...]
</properties>
  <testcase name="findAllWorkExperiencePayoutValueDAOTest" classname="tests.WorkExperiencePayoutValueDAOTest" time="0.009">
    <system-out><![CDATA[Hibernate: insert into work_experience_payout_value (value,work_experience,experience_id) values (?,?,?)
Hibernate: select wepv1_0.experience_id,wepv1_0.value,wepv1_0.work_experience from work_experience_payout_value wepv1_0
]]></system-out>
  </testcase>
  <testcase name="insertWorkExperiencePayoutValueDAOTest" classname="tests.WorkExperiencePayoutValueDAOTest" time="0.005">
    <system-out><![CDATA[Hibernate: insert into work_experience_payout_value (value,work_experience,experience_id) values (?,?,?)
Hibernate: select wepv1_0.experience_id,wepv1_0.value,wepv1_0.work_experience from work_experience_payout_value wepv1_0 where wepv1_0.experience_id=?
]]></system-out>
  </testcase>
  <testcase name="updateWorkExperiencePayoutValueDAOTest" classname="tests.WorkExperiencePayoutValueDAOTest" time="0.006">
    <system-out><![CDATA[Hibernate: insert into work_experience_payout_value (value,work_experience,experience_id) values (?,?,?)
Hibernate: select wepv1_0.experience_id,wepv1_0.value,wepv1_0.work_experience from work_experience_payout_value wepv1_0 where wepv1_0.experience_id=?
Hibernate: update work_experience_payout_value set value=?,work_experience=? where experience_id=?
]]></system-out>
  </testcase>
</testsuite>