<?xml version="1.0" encoding="UTF-8"?>
<testsuite xmlns:xsi="http://www.w3.org/2001/XMLSchema-instance" xsi:noNamespaceSchemaLocation="https://maven.apache.org/surefire/maven-surefire-plugin/xsd/surefire-test-report.xsd" version="3.0.2" name="tests.PayoutDAOTest" time="5.09" tests="3" errors="0" skipped="0" failures="0" flakes="0">
  <properties>
[...]
</properties>
  <testcase name="updatePayoutDAOTest" classname="tests.PayoutDAOTest" time="0.484">
    <system-out><![CDATA[
  .   ____          _            __ _ _
 /\\ / ___'_ __ _ _(_)_ __  __ _ \ \ \ \
( ( )\___ | '_ | '_| | '_ \/ _` | \ \ \ \
 \\/  ___)| |_)| | | | | || (_| |  ) ) ) )
  '  |____| .__|_| |_|_| |_\__, | / / / /
 =========|_|==============|___/=/_/_/_/

 :: Spring Boot ::               (v3.5.13)

2026-04-04T19:05:03.398+03:00  INFO 318041 --- [           main] tests.PayoutDAOTest                      : Starting PayoutDAOTest using Java 21.0.10 with PID 318041 (started by ykucher in /home/ykucher/java_prak/SalaryStatement_JAVA_WEB/salary-statement)
2026-04-04T19:05:03.400+03:00  INFO 318041 --- [           main] tests.PayoutDAOTest                      : No active profile set, falling back to 1 default profile: "default"
2026-04-04T19:05:03.799+03:00  INFO 318041 --- [           main] .s.d.r.c.RepositoryConfigurationDelegate : Bootstrapping Spring Data JPA repositories in DEFAULT mode.
2026-04-04T19:05:03.823+03:00  INFO 318041 --- [           main] .s.d.r.c.RepositoryConfigurationDelegate : Finished Spring Data repository scanning in 15 ms. Found 0 JPA repository interfaces.
2026-04-04T19:05:04.100+03:00  INFO 318041 --- [           main] o.hibernate.jpa.internal.util.LogHelper  : HHH000204: Processing PersistenceUnitInfo [name: default]
2026-04-04T19:05:04.148+03:00  INFO 318041 --- [           main] org.hibernate.Version                    : HHH000412: Hibernate ORM core version 6.6.45.Final
2026-04-04T19:05:04.184+03:00  INFO 318041 --- [           main] o.h.c.internal.RegionFactoryInitiator    : HHH000026: Second-level cache disabled
2026-04-04T19:05:04.898+03:00  INFO 318041 --- [           main] o.s.o.j.p.SpringPersistenceUnitInfo      : No LoadTimeWeaver setup: ignoring JPA class transformer
2026-04-04T19:05:04.934+03:00  INFO 318041 --- [           main] com.zaxxer.hikari.HikariDataSource       : HikariPool-1 - Starting...
2026-04-04T19:05:05.285+03:00  INFO 318041 --- [           main] com.zaxxer.hikari.pool.HikariPool        : HikariPool-1 - Added connection org.postgresql.jdbc.PgConnection@2e79acec
2026-04-04T19:05:05.286+03:00  INFO 318041 --- [           main] com.zaxxer.hikari.HikariDataSource       : HikariPool-1 - Start completed.
2026-04-04T19:05:05.367+03:00  INFO 318041 --- [           main] org.hibernate.orm.connections.pooling    : HHH10001005: Database info:
	Database JDBC URL [Connecting through datasource 'HikariDataSource (HikariPool-1)']
	Database driver: undefined/unknown
	Database version: 15.17
	Autocommit mode: undefined/unknown
	Isolation level: undefined/unknown
	Minimum pool size: undefined/unknown
	Maximum pool size: undefined/unknown
2026-04-04T19:05:05.459+03:00  WARN 318041 --- [           main] h.b.m.i.JPAXMLOverriddenAnnotationReader : HHH000207: Property 'y.cloud.java.salary_statement_models.Employee.employee_id' not found in class but described in <mapping-file/> (possible typo error)
2026-04-04T19:05:05.459+03:00  WARN 318041 --- [           main] h.b.m.i.JPAXMLOverriddenAnnotationReader : HHH000207: Property 'y.cloud.java.salary_statement_models.Employee.middle_name' not found in class but described in <mapping-file/> (possible typo error)
2026-04-04T19:05:05.460+03:00  WARN 318041 --- [           main] h.b.m.i.JPAXMLOverriddenAnnotationReader : HHH000207: Property 'y.cloud.java.salary_statement_models.Employee.birth_date' not found in class but described in <mapping-file/> (possible typo error)
2026-04-04T19:05:05.460+03:00  WARN 318041 --- [           main] h.b.m.i.JPAXMLOverriddenAnnotationReader : HHH000207: Property 'y.cloud.java.salary_statement_models.Employee.work_experience' not found in class but described in <mapping-file/> (possible typo error)
2026-04-04T19:05:05.460+03:00  WARN 318041 --- [           main] h.b.m.i.JPAXMLOverriddenAnnotationReader : HHH000207: Property 'y.cloud.java.salary_statement_models.Employee.post_id' not found in class but described in <mapping-file/> (possible typo error)
2026-04-04T19:05:05.461+03:00  WARN 318041 --- [           main] h.b.m.i.JPAXMLOverriddenAnnotationReader : HHH000207: Property 'y.cloud.java.salary_statement_models.Post.post_id' not found in class but described in <mapping-file/> (possible typo error)
2026-04-04T19:05:05.461+03:00  WARN 318041 --- [           main] h.b.m.i.JPAXMLOverriddenAnnotationReader : HHH000207: Property 'y.cloud.java.salary_statement_models.Post.post_name' not found in class but described in <mapping-file/> (possible typo error)
2026-04-04T19:05:05.462+03:00  WARN 318041 --- [           main] h.b.m.i.JPAXMLOverriddenAnnotationReader : HHH000207: Property 'y.cloud.java.salary_statement_models.Post.payout_value' not found in class but described in <mapping-file/> (possible typo error)
2026-04-04T19:05:05.462+03:00  WARN 318041 --- [           main] h.b.m.i.JPAXMLOverriddenAnnotationReader : HHH000207: Property 'y.cloud.java.salary_statement_models.EmployeePostHistory.start_date' not found in class but described in <mapping-file/> (possible typo error)
2026-04-04T19:05:05.463+03:00  WARN 318041 --- [           main] h.b.m.i.JPAXMLOverriddenAnnotationReader : HHH000207: Property 'y.cloud.java.salary_statement_models.EmployeePostHistory.end_date' not found in class but described in <mapping-file/> (possible typo error)
2026-04-04T19:05:05.463+03:00  WARN 318041 --- [           main] h.b.m.i.JPAXMLOverriddenAnnotationReader : HHH000207: Property 'y.cloud.java.salary_statement_models.EmployeePostHistory.employee_id' not found in class but described in <mapping-file/> (possible typo error)
2026-04-04T19:05:05.463+03:00  WARN 318041 --- [           main] h.b.m.i.JPAXMLOverriddenAnnotationReader : HHH000207: Property 'y.cloud.java.salary_statement_models.EmployeePostHistory.post_id' not found in class but described in <mapping-file/> (possible typo error)
2026-04-04T19:05:05.463+03:00  WARN 318041 --- [           main] h.b.m.i.JPAXMLOverriddenAnnotationReader : HHH000207: Property 'y.cloud.java.salary_statement_models.PayoutType.payout_type_id' not found in class but described in <mapping-file/> (possible typo error)
2026-04-04T19:05:05.463+03:00  WARN 318041 --- [           main] h.b.m.i.JPAXMLOverriddenAnnotationReader : HHH000207: Property 'y.cloud.java.salary_statement_models.PayoutType.payout_type' not found in class but described in <mapping-file/> (possible typo error)
2026-04-04T19:05:05.464+03:00  WARN 318041 --- [           main] h.b.m.i.JPAXMLOverriddenAnnotationReader : HHH000207: Property 'y.cloud.java.salary_statement_models.Payout.employee_id' not found in class but described in <mapping-file/> (possible typo error)
2026-04-04T19:05:05.464+03:00  WARN 318041 --- [           main] h.b.m.i.JPAXMLOverriddenAnnotationReader : HHH000207: Property 'y.cloud.java.salary_statement_models.Payout.payout_type_id' not found in class but described in <mapping-file/> (possible typo error)
2026-04-04T19:05:05.464+03:00  WARN 318041 --- [           main] h.b.m.i.JPAXMLOverriddenAnnotationReader : HHH000207: Property 'y.cloud.java.salary_statement_models.Project.project_id' not found in class but described in <mapping-file/> (possible typo error)
2026-04-04T19:05:05.464+03:00  WARN 318041 --- [           main] h.b.m.i.JPAXMLOverriddenAnnotationReader : HHH000207: Property 'y.cloud.java.salary_statement_models.Project.project_name' not found in class but described in <mapping-file/> (possible typo error)
2026-04-04T19:05:05.464+03:00  WARN 318041 --- [           main] h.b.m.i.JPAXMLOverriddenAnnotationReader : HHH000207: Property 'y.cloud.java.salary_statement_models.Project.start_date' not found in class but described in <mapping-file/> (possible typo error)
2026-04-04T19:05:05.464+03:00  WARN 318041 --- [           main] h.b.m.i.JPAXMLOverriddenAnnotationReader : HHH000207: Property 'y.cloud.java.salary_statement_models.Project.end_date' not found in class but described in <mapping-file/> (possible typo error)
2026-04-04T19:05:05.465+03:00  WARN 318041 --- [           main] h.b.m.i.JPAXMLOverriddenAnnotationReader : HHH000207: Property 'y.cloud.java.salary_statement_models.Role.role_id' not found in class but described in <mapping-file/> (possible typo error)
2026-04-04T19:05:05.465+03:00  WARN 318041 --- [           main] h.b.m.i.JPAXMLOverriddenAnnotationReader : HHH000207: Property 'y.cloud.java.salary_statement_models.Role.role_name' not found in class but described in <mapping-file/> (possible typo error)
2026-04-04T19:05:05.465+03:00  WARN 318041 --- [           main] h.b.m.i.JPAXMLOverriddenAnnotationReader : HHH000207: Property 'y.cloud.java.salary_statement_models.ProjectSetup.role_id' not found in class but described in <mapping-file/> (possible typo error)
2026-04-04T19:05:05.465+03:00  WARN 318041 --- [           main] h.b.m.i.JPAXMLOverriddenAnnotationReader : HHH000207: Property 'y.cloud.java.salary_statement_models.ProjectSetup.employee_id' not found in class but described in <mapping-file/> (possible typo error)
2026-04-04T19:05:05.466+03:00  WARN 318041 --- [           main] h.b.m.i.JPAXMLOverriddenAnnotationReader : HHH000207: Property 'y.cloud.java.salary_statement_models.ProjectSetup.project_id' not found in class but described in <mapping-file/> (possible typo error)
2026-04-04T19:05:05.466+03:00  WARN 318041 --- [           main] h.b.m.i.JPAXMLOverriddenAnnotationReader : HHH000207: Property 'y.cloud.java.salary_statement_models.EmployeeRoleHistory.start_date' not found in class but described in <mapping-file/> (possible typo error)
2026-04-04T19:05:05.466+03:00  WARN 318041 --- [           main] h.b.m.i.JPAXMLOverriddenAnnotationReader : HHH000207: Property 'y.cloud.java.salary_statement_models.EmployeeRoleHistory.end_date' not found in class but described in <mapping-file/> (possible typo error)
2026-04-04T19:05:05.466+03:00  WARN 318041 --- [           main] h.b.m.i.JPAXMLOverriddenAnnotationReader : HHH000207: Property 'y.cloud.java.salary_statement_models.EmployeeRoleHistory.employee_id' not found in class but described in <mapping-file/> (possible typo error)
2026-04-04T19:05:05.466+03:00  WARN 318041 --- [           main] h.b.m.i.JPAXMLOverriddenAnnotationReader : HHH000207: Property 'y.cloud.java.salary_statement_models.EmployeeRoleHistory.project_id' not found in class but described in <mapping-file/> (possible typo error)
2026-04-04T19:05:05.466+03:00  WARN 318041 --- [           main] h.b.m.i.JPAXMLOverriddenAnnotationReader : HHH000207: Property 'y.cloud.java.salary_statement_models.EmployeeRoleHistory.role_id' not found in class but described in <mapping-file/> (possible typo error)
2026-04-04T19:05:05.467+03:00  WARN 318041 --- [           main] h.b.m.i.JPAXMLOverriddenAnnotationReader : HHH000207: Property 'y.cloud.java.salary_statement_models.RolePayoutValue.project_id' not found in class but described in <mapping-file/> (possible typo error)
2026-04-04T19:05:05.467+03:00  WARN 318041 --- [           main] h.b.m.i.JPAXMLOverriddenAnnotationReader : HHH000207: Property 'y.cloud.java.salary_statement_models.RolePayoutValue.role_id' not found in class but described in <mapping-file/> (possible typo error)
2026-04-04T19:05:05.467+03:00  WARN 318041 --- [           main] h.b.m.i.JPAXMLOverriddenAnnotationReader : HHH000207: Property 'y.cloud.java.salary_statement_models.WorkExperiencePayoutValue.experience_id' not found in class but described in <mapping-file/> (possible typo error)
2026-04-04T19:05:05.467+03:00  WARN 318041 --- [           main] h.b.m.i.JPAXMLOverriddenAnnotationReader : HHH000207: Property 'y.cloud.java.salary_statement_models.WorkExperiencePayoutValue.work_experience' not found in class but described in <mapping-file/> (possible typo error)
2026-04-04T19:05:06.488+03:00  INFO 318041 --- [           main] o.h.e.t.j.p.i.JtaPlatformInitiator       : HHH000489: No JTA platform available (set 'hibernate.transaction.jta.platform' to enable JTA platform integration)
2026-04-04T19:05:06.622+03:00  INFO 318041 --- [           main] j.LocalContainerEntityManagerFactoryBean : Initialized JPA EntityManagerFactory for persistence unit 'default'
2026-04-04T19:05:06.883+03:00  INFO 318041 --- [           main] tests.PayoutDAOTest                      : Started PayoutDAOTest in 3.786 seconds (process running for 4.746)
Hibernate: insert into posts (payout_value,post_name,post_id) values (?,?,?)
Hibernate: select p1_0.post_id,p1_0.payout_value,p1_0.post_name from posts p1_0 where p1_0.post_id=?
Hibernate: insert into employees (birth_date,fired,middle_name,name,post_id,surname,work_experience,employee_id) values (?,?,?,?,?,?,?,?)
Hibernate: insert into employees_posts_history (end_date,start_date,employee_id,post_id) values (?,?,?,?)
Hibernate: insert into payout_types (payout_type,payout_type_id) values (?,?)
Hibernate: select e1_0.employee_id,e1_0.birth_date,e1_0.fired,e1_0.middle_name,e1_0.name,p1_0.post_id,p1_0.payout_value,p1_0.post_name,e1_0.surname,e1_0.work_experience from employees e1_0 left join posts p1_0 on p1_0.post_id=e1_0.post_id where e1_0.employee_id=?
Hibernate: select pt1_0.payout_type_id,pt1_0.payout_type from payout_types pt1_0 where pt1_0.payout_type_id=?
Hibernate: insert into payouts (date,value,employee_id,payout_type_id) values (?,?,?,?)
Hibernate: select p1_0.employee_id,e1_0.employee_id,e1_0.birth_date,e1_0.fired,e1_0.middle_name,e1_0.name,p2_0.post_id,p2_0.payout_value,p2_0.post_name,e1_0.surname,e1_0.work_experience,p1_0.payout_type_id,p3_0.payout_type_id,p3_0.payout_type,p1_0.date,p1_0.value from payouts p1_0 join employees e1_0 on e1_0.employee_id=p1_0.employee_id left join posts p2_0 on p2_0.post_id=e1_0.post_id join payout_types p3_0 on p3_0.payout_type_id=p1_0.payout_type_id where (p1_0.employee_id,p1_0.payout_type_id) in ((?,?))
Hibernate: update payouts set date=?,value=? where employee_id=? and payout_type_id=?
]]></system-out>
    <system-err><![CDATA[Mockito is currently self-attaching to enable the inline-mock-maker. This will no longer work in future releases of the JDK. Please add Mockito as an agent to your build as described in Mockito's documentation: https://javadoc.io/doc/org.mockito/mockito-core/latest/org.mockito/org/mockito/Mockito.html#0.3
WARNING: A Java agent has been loaded dynamically (/home/ykucher/.m2/repository/net/bytebuddy/byte-buddy-agent/1.17.8/byte-buddy-agent-1.17.8.jar)
WARNING: If a serviceability tool is in use, please run with -XX:+EnableDynamicAgentLoading to hide this warning
WARNING: If a serviceability tool is not in use, please run with -Djdk.instrument.traceUsage for more information
WARNING: Dynamic loading of agents will be disallowed by default in a future release
]]></system-err>
  </testcase>
  <testcase name="findAllPayoutDAOTest" classname="tests.PayoutDAOTest" time="0.404">
    <system-out><![CDATA[Hibernate: insert into posts (payout_value,post_name,post_id) values (?,?,?)
Hibernate: select p1_0.post_id,p1_0.payout_value,p1_0.post_name from posts p1_0 where p1_0.post_id=?
Hibernate: insert into employees (birth_date,fired,middle_name,name,post_id,surname,work_experience,employee_id) values (?,?,?,?,?,?,?,?)
Hibernate: insert into employees_posts_history (end_date,start_date,employee_id,post_id) values (?,?,?,?)
Hibernate: insert into payout_types (payout_type,payout_type_id) values (?,?)
Hibernate: select e1_0.employee_id,e1_0.birth_date,e1_0.fired,e1_0.middle_name,e1_0.name,p1_0.post_id,p1_0.payout_value,p1_0.post_name,e1_0.surname,e1_0.work_experience from employees e1_0 left join posts p1_0 on p1_0.post_id=e1_0.post_id where e1_0.employee_id=?
Hibernate: select pt1_0.payout_type_id,pt1_0.payout_type from payout_types pt1_0 where pt1_0.payout_type_id=?
Hibernate: insert into payouts (date,value,employee_id,payout_type_id) values (?,?,?,?)
Hibernate: select p1_0.employee_id,p1_0.payout_type_id,p1_0.date,p1_0.value from payouts p1_0
Hibernate: select e1_0.employee_id,e1_0.birth_date,e1_0.fired,e1_0.middle_name,e1_0.name,p1_0.post_id,p1_0.payout_value,p1_0.post_name,e1_0.surname,e1_0.work_experience from employees e1_0 left join posts p1_0 on p1_0.post_id=e1_0.post_id where e1_0.employee_id=?
Hibernate: select pt1_0.payout_type_id,pt1_0.payout_type from payout_types pt1_0 where pt1_0.payout_type_id=?
Hibernate: select e1_0.employee_id,e1_0.birth_date,e1_0.fired,e1_0.middle_name,e1_0.name,p1_0.post_id,p1_0.payout_value,p1_0.post_name,e1_0.surname,e1_0.work_experience from employees e1_0 left join posts p1_0 on p1_0.post_id=e1_0.post_id where e1_0.employee_id=?
Hibernate: select e1_0.employee_id,e1_0.birth_date,e1_0.fired,e1_0.middle_name,e1_0.name,p1_0.post_id,p1_0.payout_value,p1_0.post_name,e1_0.surname,e1_0.work_experience from employees e1_0 left join posts p1_0 on p1_0.post_id=e1_0.post_id where e1_0.employee_id=?
Hibernate: select e1_0.employee_id,e1_0.birth_date,e1_0.fired,e1_0.middle_name,e1_0.name,p1_0.post_id,p1_0.payout_value,p1_0.post_name,e1_0.surname,e1_0.work_experience from employees e1_0 left join posts p1_0 on p1_0.post_id=e1_0.post_id where e1_0.employee_id=?
Hibernate: select pt1_0.payout_type_id,pt1_0.payout_type from payout_types pt1_0 where pt1_0.payout_type_id=?
Hibernate: select e1_0.employee_id,e1_0.birth_date,e1_0.fired,e1_0.middle_name,e1_0.name,p1_0.post_id,p1_0.payout_value,p1_0.post_name,e1_0.surname,e1_0.work_experience from employees e1_0 left join posts p1_0 on p1_0.post_id=e1_0.post_id where e1_0.employee_id=?
Hibernate: select pt1_0.payout_type_id,pt1_0.payout_type from payout_types pt1_0 where pt1_0.payout_type_id=?
Hibernate: select e1_0.employee_id,e1_0.birth_date,e1_0.fired,e1_0.middle_name,e1_0.name,p1_0.post_id,p1_0.payout_value,p1_0.post_name,e1_0.surname,e1_0.work_experience from employees e1_0 left join posts p1_0 on p1_0.post_id=e1_0.post_id where e1_0.employee_id=?
Hibernate: select e1_0.employee_id,e1_0.birth_date,e1_0.fired,e1_0.middle_name,e1_0.name,p1_0.post_id,p1_0.payout_value,p1_0.post_name,e1_0.surname,e1_0.work_experience from employees e1_0 left join posts p1_0 on p1_0.post_id=e1_0.post_id where e1_0.employee_id=?
Hibernate: select e1_0.employee_id,e1_0.birth_date,e1_0.fired,e1_0.middle_name,e1_0.name,p1_0.post_id,p1_0.payout_value,p1_0.post_name,e1_0.surname,e1_0.work_experience from employees e1_0 left join posts p1_0 on p1_0.post_id=e1_0.post_id where e1_0.employee_id=?
Hibernate: select pt1_0.payout_type_id,pt1_0.payout_type from payout_types pt1_0 where pt1_0.payout_type_id=?
Hibernate: select e1_0.employee_id,e1_0.birth_date,e1_0.fired,e1_0.middle_name,e1_0.name,p1_0.post_id,p1_0.payout_value,p1_0.post_name,e1_0.surname,e1_0.work_experience from employees e1_0 left join posts p1_0 on p1_0.post_id=e1_0.post_id where e1_0.employee_id=?
Hibernate: select pt1_0.payout_type_id,pt1_0.payout_type from payout_types pt1_0 where pt1_0.payout_type_id=?
Hibernate: select e1_0.employee_id,e1_0.birth_date,e1_0.fired,e1_0.middle_name,e1_0.name,p1_0.post_id,p1_0.payout_value,p1_0.post_name,e1_0.surname,e1_0.work_experience from employees e1_0 left join posts p1_0 on p1_0.post_id=e1_0.post_id where e1_0.employee_id=?
Hibernate: select pt1_0.payout_type_id,pt1_0.payout_type from payout_types pt1_0 where pt1_0.payout_type_id=?
Hibernate: select e1_0.employee_id,e1_0.birth_date,e1_0.fired,e1_0.middle_name,e1_0.name,p1_0.post_id,p1_0.payout_value,p1_0.post_name,e1_0.surname,e1_0.work_experience from employees e1_0 left join posts p1_0 on p1_0.post_id=e1_0.post_id where e1_0.employee_id=?
Hibernate: select e1_0.employee_id,e1_0.birth_date,e1_0.fired,e1_0.middle_name,e1_0.name,p1_0.post_id,p1_0.payout_value,p1_0.post_name,e1_0.surname,e1_0.work_experience from employees e1_0 left join posts p1_0 on p1_0.post_id=e1_0.post_id where e1_0.employee_id=?
Hibernate: select e1_0.employee_id,e1_0.birth_date,e1_0.fired,e1_0.middle_name,e1_0.name,p1_0.post_id,p1_0.payout_value,p1_0.post_name,e1_0.surname,e1_0.work_experience from employees e1_0 left join posts p1_0 on p1_0.post_id=e1_0.post_id where e1_0.employee_id=?
Hibernate: select pt1_0.payout_type_id,pt1_0.payout_type from payout_types pt1_0 where pt1_0.payout_type_id=?
Hibernate: select e1_0.employee_id,e1_0.birth_date,e1_0.fired,e1_0.middle_name,e1_0.name,p1_0.post_id,p1_0.payout_value,p1_0.post_name,e1_0.surname,e1_0.work_experience from employees e1_0 left join posts p1_0 on p1_0.post_id=e1_0.post_id where e1_0.employee_id=?
Hibernate: select pt1_0.payout_type_id,pt1_0.payout_type from payout_types pt1_0 where pt1_0.payout_type_id=?
Hibernate: select e1_0.employee_id,e1_0.birth_date,e1_0.fired,e1_0.middle_name,e1_0.name,p1_0.post_id,p1_0.payout_value,p1_0.post_name,e1_0.surname,e1_0.work_experience from employees e1_0 left join posts p1_0 on p1_0.post_id=e1_0.post_id where e1_0.employee_id=?
Hibernate: select e1_0.employee_id,e1_0.birth_date,e1_0.fired,e1_0.middle_name,e1_0.name,p1_0.post_id,p1_0.payout_value,p1_0.post_name,e1_0.surname,e1_0.work_experience from employees e1_0 left join posts p1_0 on p1_0.post_id=e1_0.post_id where e1_0.employee_id=?
Hibernate: select e1_0.employee_id,e1_0.birth_date,e1_0.fired,e1_0.middle_name,e1_0.name,p1_0.post_id,p1_0.payout_value,p1_0.post_name,e1_0.surname,e1_0.work_experience from employees e1_0 left join posts p1_0 on p1_0.post_id=e1_0.post_id where e1_0.employee_id=?
Hibernate: select pt1_0.payout_type_id,pt1_0.payout_type from payout_types pt1_0 where pt1_0.payout_type_id=?
Hibernate: select e1_0.employee_id,e1_0.birth_date,e1_0.fired,e1_0.middle_name,e1_0.name,p1_0.post_id,p1_0.payout_value,p1_0.post_name,e1_0.surname,e1_0.work_experience from employees e1_0 left join posts p1_0 on p1_0.post_id=e1_0.post_id where e1_0.employee_id=?
Hibernate: select pt1_0.payout_type_id,pt1_0.payout_type from payout_types pt1_0 where pt1_0.payout_type_id=?
Hibernate: select e1_0.employee_id,e1_0.birth_date,e1_0.fired,e1_0.middle_name,e1_0.name,p1_0.post_id,p1_0.payout_value,p1_0.post_name,e1_0.surname,e1_0.work_experience from employees e1_0 left join posts p1_0 on p1_0.post_id=e1_0.post_id where e1_0.employee_id=?
Hibernate: select e1_0.employee_id,e1_0.birth_date,e1_0.fired,e1_0.middle_name,e1_0.name,p1_0.post_id,p1_0.payout_value,p1_0.post_name,e1_0.surname,e1_0.work_experience from employees e1_0 left join posts p1_0 on p1_0.post_id=e1_0.post_id where e1_0.employee_id=?
Hibernate: select e1_0.employee_id,e1_0.birth_date,e1_0.fired,e1_0.middle_name,e1_0.name,p1_0.post_id,p1_0.payout_value,p1_0.post_name,e1_0.surname,e1_0.work_experience from employees e1_0 left join posts p1_0 on p1_0.post_id=e1_0.post_id where e1_0.employee_id=?
Hibernate: select pt1_0.payout_type_id,pt1_0.payout_type from payout_types pt1_0 where pt1_0.payout_type_id=?
Hibernate: select e1_0.employee_id,e1_0.birth_date,e1_0.fired,e1_0.middle_name,e1_0.name,p1_0.post_id,p1_0.payout_value,p1_0.post_name,e1_0.surname,e1_0.work_experience from employees e1_0 left join posts p1_0 on p1_0.post_id=e1_0.post_id where e1_0.employee_id=?
Hibernate: select pt1_0.payout_type_id,pt1_0.payout_type from payout_types pt1_0 where pt1_0.payout_type_id=?
Hibernate: select e1_0.employee_id,e1_0.birth_date,e1_0.fired,e1_0.middle_name,e1_0.name,p1_0.post_id,p1_0.payout_value,p1_0.post_name,e1_0.surname,e1_0.work_experience from employees e1_0 left join posts p1_0 on p1_0.post_id=e1_0.post_id where e1_0.employee_id=?
Hibernate: select e1_0.employee_id,e1_0.birth_date,e1_0.fired,e1_0.middle_name,e1_0.name,p1_0.post_id,p1_0.payout_value,p1_0.post_name,e1_0.surname,e1_0.work_experience from employees e1_0 left join posts p1_0 on p1_0.post_id=e1_0.post_id where e1_0.employee_id=?
Hibernate: select e1_0.employee_id,e1_0.birth_date,e1_0.fired,e1_0.middle_name,e1_0.name,p1_0.post_id,p1_0.payout_value,p1_0.post_name,e1_0.surname,e1_0.work_experience from employees e1_0 left join posts p1_0 on p1_0.post_id=e1_0.post_id where e1_0.employee_id=?
Hibernate: select pt1_0.payout_type_id,pt1_0.payout_type from payout_types pt1_0 where pt1_0.payout_type_id=?
Hibernate: select e1_0.employee_id,e1_0.birth_date,e1_0.fired,e1_0.middle_name,e1_0.name,p1_0.post_id,p1_0.payout_value,p1_0.post_name,e1_0.surname,e1_0.work_experience from employees e1_0 left join posts p1_0 on p1_0.post_id=e1_0.post_id where e1_0.employee_id=?
Hibernate: select pt1_0.payout_type_id,pt1_0.payout_type from payout_types pt1_0 where pt1_0.payout_type_id=?
Hibernate: select e1_0.employee_id,e1_0.birth_date,e1_0.fired,e1_0.middle_name,e1_0.name,p1_0.post_id,p1_0.payout_value,p1_0.post_name,e1_0.surname,e1_0.work_experience from employees e1_0 left join posts p1_0 on p1_0.post_id=e1_0.post_id where e1_0.employee_id=?
Hibernate: select pt1_0.payout_type_id,pt1_0.payout_type from payout_types pt1_0 where pt1_0.payout_type_id=?
Hibernate: select e1_0.employee_id,e1_0.birth_date,e1_0.fired,e1_0.middle_name,e1_0.name,p1_0.post_id,p1_0.payout_value,p1_0.post_name,e1_0.surname,e1_0.work_experience from employees e1_0 left join posts p1_0 on p1_0.post_id=e1_0.post_id where e1_0.employee_id=?
Hibernate: select e1_0.employee_id,e1_0.birth_date,e1_0.fired,e1_0.middle_name,e1_0.name,p1_0.post_id,p1_0.payout_value,p1_0.post_name,e1_0.surname,e1_0.work_experience from employees e1_0 left join posts p1_0 on p1_0.post_id=e1_0.post_id where e1_0.employee_id=?
Hibernate: select e1_0.employee_id,e1_0.birth_date,e1_0.fired,e1_0.middle_name,e1_0.name,p1_0.post_id,p1_0.payout_value,p1_0.post_name,e1_0.surname,e1_0.work_experience from employees e1_0 left join posts p1_0 on p1_0.post_id=e1_0.post_id where e1_0.employee_id=?
Hibernate: select pt1_0.payout_type_id,pt1_0.payout_type from payout_types pt1_0 where pt1_0.payout_type_id=?
Hibernate: select e1_0.employee_id,e1_0.birth_date,e1_0.fired,e1_0.middle_name,e1_0.name,p1_0.post_id,p1_0.payout_value,p1_0.post_name,e1_0.surname,e1_0.work_experience from employees e1_0 left join posts p1_0 on p1_0.post_id=e1_0.post_id where e1_0.employee_id=?
Hibernate: select pt1_0.payout_type_id,pt1_0.payout_type from payout_types pt1_0 where pt1_0.payout_type_id=?
Hibernate: select e1_0.employee_id,e1_0.birth_date,e1_0.fired,e1_0.middle_name,e1_0.name,p1_0.post_id,p1_0.payout_value,p1_0.post_name,e1_0.surname,e1_0.work_experience from employees e1_0 left join posts p1_0 on p1_0.post_id=e1_0.post_id where e1_0.employee_id=?
Hibernate: select pt1_0.payout_type_id,pt1_0.payout_type from payout_types pt1_0 where pt1_0.payout_type_id=?
Hibernate: select e1_0.employee_id,e1_0.birth_date,e1_0.fired,e1_0.middle_name,e1_0.name,p1_0.post_id,p1_0.payout_value,p1_0.post_name,e1_0.surname,e1_0.work_experience from employees e1_0 left join posts p1_0 on p1_0.post_id=e1_0.post_id where e1_0.employee_id=?
Hibernate: select e1_0.employee_id,e1_0.birth_date,e1_0.fired,e1_0.middle_name,e1_0.name,p1_0.post_id,p1_0.payout_value,p1_0.post_name,e1_0.surname,e1_0.work_experience from employees e1_0 left join posts p1_0 on p1_0.post_id=e1_0.post_id where e1_0.employee_id=?
Hibernate: select e1_0.employee_id,e1_0.birth_date,e1_0.fired,e1_0.middle_name,e1_0.name,p1_0.post_id,p1_0.payout_value,p1_0.post_name,e1_0.surname,e1_0.work_experience from employees e1_0 left join posts p1_0 on p1_0.post_id=e1_0.post_id where e1_0.employee_id=?
Hibernate: select pt1_0.payout_type_id,pt1_0.payout_type from payout_types pt1_0 where pt1_0.payout_type_id=?
Hibernate: select e1_0.employee_id,e1_0.birth_date,e1_0.fired,e1_0.middle_name,e1_0.name,p1_0.post_id,p1_0.payout_value,p1_0.post_name,e1_0.surname,e1_0.work_experience from employees e1_0 left join posts p1_0 on p1_0.post_id=e1_0.post_id where e1_0.employee_id=?
Hibernate: select pt1_0.payout_type_id,pt1_0.payout_type from payout_types pt1_0 where pt1_0.payout_type_id=?
Hibernate: select e1_0.employee_id,e1_0.birth_date,e1_0.fired,e1_0.middle_name,e1_0.name,p1_0.post_id,p1_0.payout_value,p1_0.post_name,e1_0.surname,e1_0.work_experience from employees e1_0 left join posts p1_0 on p1_0.post_id=e1_0.post_id where e1_0.employee_id=?
Hibernate: select pt1_0.payout_type_id,pt1_0.payout_type from payout_types pt1_0 where pt1_0.payout_type_id=?
Hibernate: select e1_0.employee_id,e1_0.birth_date,e1_0.fired,e1_0.middle_name,e1_0.name,p1_0.post_id,p1_0.payout_value,p1_0.post_name,e1_0.surname,e1_0.work_experience from employees e1_0 left join posts p1_0 on p1_0.post_id=e1_0.post_id where e1_0.employee_id=?
Hibernate: select e1_0.employee_id,e1_0.birth_date,e1_0.fired,e1_0.middle_name,e1_0.name,p1_0.post_id,p1_0.payout_value,p1_0.post_name,e1_0.surname,e1_0.work_experience from employees e1_0 left join posts p1_0 on p1_0.post_id=e1_0.post_id where e1_0.employee_id=?
Hibernate: select e1_0.employee_id,e1_0.birth_date,e1_0.fired,e1_0.middle_name,e1_0.name,p1_0.post_id,p1_0.payout_value,p1_0.post_name,e1_0.surname,e1_0.work_experience from employees e1_0 left join posts p1_0 on p1_0.post_id=e1_0.post_id where e1_0.employee_id=?
Hibernate: select pt1_0.payout_type_id,pt1_0.payout_type from payout_types pt1_0 where pt1_0.payout_type_id=?
Hibernate: select e1_0.employee_id,e1_0.birth_date,e1_0.fired,e1_0.middle_name,e1_0.name,p1_0.post_id,p1_0.payout_value,p1_0.post_name,e1_0.surname,e1_0.work_experience from employees e1_0 left join posts p1_0 on p1_0.post_id=e1_0.post_id where e1_0.employee_id=?
Hibernate: select pt1_0.payout_type_id,pt1_0.payout_type from payout_types pt1_0 where pt1_0.payout_type_id=?
Hibernate: select e1_0.employee_id,e1_0.birth_date,e1_0.fired,e1_0.middle_name,e1_0.name,p1_0.post_id,p1_0.payout_value,p1_0.post_name,e1_0.surname,e1_0.work_experience from employees e1_0 left join posts p1_0 on p1_0.post_id=e1_0.post_id where e1_0.employee_id=?
Hibernate: select pt1_0.payout_type_id,pt1_0.payout_type from payout_types pt1_0 where pt1_0.payout_type_id=?
Hibernate: select e1_0.employee_id,e1_0.birth_date,e1_0.fired,e1_0.middle_name,e1_0.name,p1_0.post_id,p1_0.payout_value,p1_0.post_name,e1_0.surname,e1_0.work_experience from employees e1_0 left join posts p1_0 on p1_0.post_id=e1_0.post_id where e1_0.employee_id=?
Hibernate: select e1_0.employee_id,e1_0.birth_date,e1_0.fired,e1_0.middle_name,e1_0.name,p1_0.post_id,p1_0.payout_value,p1_0.post_name,e1_0.surname,e1_0.work_experience from employees e1_0 left join posts p1_0 on p1_0.post_id=e1_0.post_id where e1_0.employee_id=?
Hibernate: select e1_0.employee_id,e1_0.birth_date,e1_0.fired,e1_0.middle_name,e1_0.name,p1_0.post_id,p1_0.payout_value,p1_0.post_name,e1_0.surname,e1_0.work_experience from employees e1_0 left join posts p1_0 on p1_0.post_id=e1_0.post_id where e1_0.employee_id=?
Hibernate: select pt1_0.payout_type_id,pt1_0.payout_type from payout_types pt1_0 where pt1_0.payout_type_id=?
Hibernate: select e1_0.employee_id,e1_0.birth_date,e1_0.fired,e1_0.middle_name,e1_0.name,p1_0.post_id,p1_0.payout_value,p1_0.post_name,e1_0.surname,e1_0.work_experience from employees e1_0 left join posts p1_0 on p1_0.post_id=e1_0.post_id where e1_0.employee_id=?
Hibernate: select pt1_0.payout_type_id,pt1_0.payout_type from payout_types pt1_0 where pt1_0.payout_type_id=?
Hibernate: select e1_0.employee_id,e1_0.birth_date,e1_0.fired,e1_0.middle_name,e1_0.name,p1_0.post_id,p1_0.payout_value,p1_0.post_name,e1_0.surname,e1_0.work_experience from employees e1_0 left join posts p1_0 on p1_0.post_id=e1_0.post_id where e1_0.employee_id=?
Hibernate: select pt1_0.payout_type_id,pt1_0.payout_type from payout_types pt1_0 where pt1_0.payout_type_id=?
Hibernate: select e1_0.employee_id,e1_0.birth_date,e1_0.fired,e1_0.middle_name,e1_0.name,p1_0.post_id,p1_0.payout_value,p1_0.post_name,e1_0.surname,e1_0.work_experience from employees e1_0 left join posts p1_0 on p1_0.post_id=e1_0.post_id where e1_0.employee_id=?
Hibernate: select e1_0.employee_id,e1_0.birth_date,e1_0.fired,e1_0.middle_name,e1_0.name,p1_0.post_id,p1_0.payout_value,p1_0.post_name,e1_0.surname,e1_0.work_experience from employees e1_0 left join posts p1_0 on p1_0.post_id=e1_0.post_id where e1_0.employee_id=?
Hibernate: select e1_0.employee_id,e1_0.birth_date,e1_0.fired,e1_0.middle_name,e1_0.name,p1_0.post_id,p1_0.payout_value,p1_0.post_name,e1_0.surname,e1_0.work_experience from employees e1_0 left join posts p1_0 on p1_0.post_id=e1_0.post_id where e1_0.employee_id=?
Hibernate: select pt1_0.payout_type_id,pt1_0.payout_type from payout_types pt1_0 where pt1_0.payout_type_id=?
Hibernate: select e1_0.employee_id,e1_0.birth_date,e1_0.fired,e1_0.middle_name,e1_0.name,p1_0.post_id,p1_0.payout_value,p1_0.post_name,e1_0.surname,e1_0.work_experience from employees e1_0 left join posts p1_0 on p1_0.post_id=e1_0.post_id where e1_0.employee_id=?
Hibernate: select pt1_0.payout_type_id,pt1_0.payout_type from payout_types pt1_0 where pt1_0.payout_type_id=?
Hibernate: select e1_0.employee_id,e1_0.birth_date,e1_0.fired,e1_0.middle_name,e1_0.name,p1_0.post_id,p1_0.payout_value,p1_0.post_name,e1_0.surname,e1_0.work_experience from employees e1_0 left join posts p1_0 on p1_0.post_id=e1_0.post_id where e1_0.employee_id=?
Hibernate: select pt1_0.payout_type_id,pt1_0.payout_type from payout_types pt1_0 where pt1_0.payout_type_id=?
Hibernate: select e1_0.employee_id,e1_0.birth_date,e1_0.fired,e1_0.middle_name,e1_0.name,p1_0.post_id,p1_0.payout_value,p1_0.post_name,e1_0.surname,e1_0.work_experience from employees e1_0 left join posts p1_0 on p1_0.post_id=e1_0.post_id where e1_0.employee_id=?
Hibernate: select e1_0.employee_id,e1_0.birth_date,e1_0.fired,e1_0.middle_name,e1_0.name,p1_0.post_id,p1_0.payout_value,p1_0.post_name,e1_0.surname,e1_0.work_experience from employees e1_0 left join posts p1_0 on p1_0.post_id=e1_0.post_id where e1_0.employee_id=?
Hibernate: select e1_0.employee_id,e1_0.birth_date,e1_0.fired,e1_0.middle_name,e1_0.name,p1_0.post_id,p1_0.payout_value,p1_0.post_name,e1_0.surname,e1_0.work_experience from employees e1_0 left join posts p1_0 on p1_0.post_id=e1_0.post_id where e1_0.employee_id=?
Hibernate: select pt1_0.payout_type_id,pt1_0.payout_type from payout_types pt1_0 where pt1_0.payout_type_id=?
Hibernate: select e1_0.employee_id,e1_0.birth_date,e1_0.fired,e1_0.middle_name,e1_0.name,p1_0.post_id,p1_0.payout_value,p1_0.post_name,e1_0.surname,e1_0.work_experience from employees e1_0 left join posts p1_0 on p1_0.post_id=e1_0.post_id where e1_0.employee_id=?
Hibernate: select pt1_0.payout_type_id,pt1_0.payout_type from payout_types pt1_0 where pt1_0.payout_type_id=?
Hibernate: select e1_0.employee_id,e1_0.birth_date,e1_0.fired,e1_0.middle_name,e1_0.name,p1_0.post_id,p1_0.payout_value,p1_0.post_name,e1_0.surname,e1_0.work_experience from employees e1_0 left join posts p1_0 on p1_0.post_id=e1_0.post_id where e1_0.employee_id=?
Hibernate: select pt1_0.payout_type_id,pt1_0.payout_type from payout_types pt1_0 where pt1_0.payout_type_id=?
Hibernate: select e1_0.employee_id,e1_0.birth_date,e1_0.fired,e1_0.middle_name,e1_0.name,p1_0.post_id,p1_0.payout_value,p1_0.post_name,e1_0.surname,e1_0.work_experience from employees e1_0 left join posts p1_0 on p1_0.post_id=e1_0.post_id where e1_0.employee_id=?
Hibernate: select e1_0.employee_id,e1_0.birth_date,e1_0.fired,e1_0.middle_name,e1_0.name,p1_0.post_id,p1_0.payout_value,p1_0.post_name,e1_0.surname,e1_0.work_experience from employees e1_0 left join posts p1_0 on p1_0.post_id=e1_0.post_id where e1_0.employee_id=?
Hibernate: select e1_0.employee_id,e1_0.birth_date,e1_0.fired,e1_0.middle_name,e1_0.name,p1_0.post_id,p1_0.payout_value,p1_0.post_name,e1_0.surname,e1_0.work_experience from employees e1_0 left join posts p1_0 on p1_0.post_id=e1_0.post_id where e1_0.employee_id=?
Hibernate: select pt1_0.payout_type_id,pt1_0.payout_type from payout_types pt1_0 where pt1_0.payout_type_id=?
Hibernate: select e1_0.employee_id,e1_0.birth_date,e1_0.fired,e1_0.middle_name,e1_0.name,p1_0.post_id,p1_0.payout_value,p1_0.post_name,e1_0.surname,e1_0.work_experience from employees e1_0 left join posts p1_0 on p1_0.post_id=e1_0.post_id where e1_0.employee_id=?
Hibernate: select pt1_0.payout_type_id,pt1_0.payout_type from payout_types pt1_0 where pt1_0.payout_type_id=?
]]></system-out>
  </testcase>
  <testcase name="insertPayoutDAOTest" classname="tests.PayoutDAOTest" time="0.021">
    <system-out><![CDATA[Hibernate: insert into posts (payout_value,post_name,post_id) values (?,?,?)
Hibernate: select p1_0.post_id,p1_0.payout_value,p1_0.post_name from posts p1_0 where p1_0.post_id=?
Hibernate: insert into employees (birth_date,fired,middle_name,name,post_id,surname,work_experience,employee_id) values (?,?,?,?,?,?,?,?)
Hibernate: insert into employees_posts_history (end_date,start_date,employee_id,post_id) values (?,?,?,?)
Hibernate: insert into payout_types (payout_type,payout_type_id) values (?,?)
Hibernate: select e1_0.employee_id,e1_0.birth_date,e1_0.fired,e1_0.middle_name,e1_0.name,p1_0.post_id,p1_0.payout_value,p1_0.post_name,e1_0.surname,e1_0.work_experience from employees e1_0 left join posts p1_0 on p1_0.post_id=e1_0.post_id where e1_0.employee_id=?
Hibernate: select pt1_0.payout_type_id,pt1_0.payout_type from payout_types pt1_0 where pt1_0.payout_type_id=?
Hibernate: insert into payouts (date,value,employee_id,payout_type_id) values (?,?,?,?)
Hibernate: select p1_0.employee_id,e1_0.employee_id,e1_0.birth_date,e1_0.fired,e1_0.middle_name,e1_0.name,p2_0.post_id,p2_0.payout_value,p2_0.post_name,e1_0.surname,e1_0.work_experience,p1_0.payout_type_id,p3_0.payout_type_id,p3_0.payout_type,p1_0.date,p1_0.value from payouts p1_0 join employees e1_0 on e1_0.employee_id=p1_0.employee_id left join posts p2_0 on p2_0.post_id=e1_0.post_id join payout_types p3_0 on p3_0.payout_type_id=p1_0.payout_type_id where (p1_0.employee_id,p1_0.payout_type_id) in ((?,?))
]]></system-out>
  </testcase>
</testsuite>